0 info it worked if it ends with ok
1 verbose cli [ 'C:\\Program Files (x86)\\nodejs\\node.exe',
1 verbose cli   'C:\\Users\\hitesh.aleriya\\AppData\\Roaming\\npm\\node_modules\\npm\\bin\\npm-cli.js',
1 verbose cli   'publish',
1 verbose cli   './' ]
2 info using npm@4.0.3
3 info using node@v6.10.3
4 verbose publish [ './' ]
5 silly cache add args [ './', null ]
6 verbose cache add spec ./
7 silly cache add parsed spec Result {
7 silly cache add   raw: './',
7 silly cache add   scope: null,
7 silly cache add   escapedName: null,
7 silly cache add   name: null,
7 silly cache add   rawSpec: './',
7 silly cache add   spec: 'C:\\Users\\hitesh.aleriya\\Desktop\\publish-demo',
7 silly cache add   type: 'directory' }
8 verbose addLocalDirectory C:\Users\hitesh.aleriya\AppData\Roaming\npm-cache\publish-demo\1.0.0\package.tgz not in flight; packing
9 verbose correctMkdir C:\Users\hitesh.aleriya\AppData\Roaming\npm-cache correctMkdir not in flight; initializing
10 info lifecycle publish-demo@1.0.0~prepublish: publish-demo@1.0.0
11 silly lifecycle publish-demo@1.0.0~prepublish: no script for prepublish, continuing
12 info lifecycle publish-demo@1.0.0~prepare: publish-demo@1.0.0
13 silly lifecycle publish-demo@1.0.0~prepare: no script for prepare, continuing
14 verbose tar pack [ 'C:\\Users\\hitesh.aleriya\\AppData\\Roaming\\npm-cache\\publish-demo\\1.0.0\\package.tgz',
14 verbose tar pack   'C:\\Users\\hitesh.aleriya\\Desktop\\publish-demo' ]
15 verbose tarball C:\Users\hitesh.aleriya\AppData\Roaming\npm-cache\publish-demo\1.0.0\package.tgz
16 verbose folder C:\Users\hitesh.aleriya\Desktop\publish-demo
17 verbose addLocalTarball adding from inside cache C:\Users\hitesh.aleriya\AppData\Roaming\npm-cache\publish-demo\1.0.0\package.tgz
18 verbose correctMkdir C:\Users\hitesh.aleriya\AppData\Roaming\npm-cache correctMkdir not in flight; initializing
19 silly cache afterAdd publish-demo@1.0.0
20 verbose afterAdd C:\Users\hitesh.aleriya\AppData\Roaming\npm-cache\publish-demo\1.0.0\package\package.json not in flight; writing
21 verbose correctMkdir C:\Users\hitesh.aleriya\AppData\Roaming\npm-cache correctMkdir not in flight; initializing
22 verbose afterAdd C:\Users\hitesh.aleriya\AppData\Roaming\npm-cache\publish-demo\1.0.0\package\package.json written
23 silly publish { name: 'publish-demo',
23 silly publish   version: '1.0.0',
23 silly publish   description: 'publish demonstration',
23 silly publish   main: 'greetings.js',
23 silly publish   scripts: { test: 'echo "Error: no test specified" && exit 1' },
23 silly publish   repository:
23 silly publish    { type: 'git',
23 silly publish      url: 'git+https://github.com/hiteshaleriya/publish-demo.git' },
23 silly publish   keywords: [ 'publish', 'demo' ],
23 silly publish   author: { name: 'hitesh' },
23 silly publish   license: 'MIT',
23 silly publish   bugs: { url: 'https://github.com/hiteshaleriya/publish-demo/issues' },
23 silly publish   homepage: 'https://github.com/hiteshaleriya/publish-demo#readme',
23 silly publish   readme: '# publish-demo\r\ndemo for npm publish\r\n',
23 silly publish   readmeFilename: 'README.md',
23 silly publish   gitHead: 'c7cb10cfeab905cb66c5cda226c2910727a89eac',
23 silly publish   _id: 'publish-demo@1.0.0',
23 silly publish   _shasum: 'd0b4199efba207074c4df761b622d516fb5129ad',
23 silly publish   _from: '.' }
24 info lifecycle publish-demo@1.0.0~prepublishOnly: publish-demo@1.0.0
25 silly lifecycle publish-demo@1.0.0~prepublishOnly: no script for prepublishOnly, continuing
26 verbose getPublishConfig undefined
27 silly mapToRegistry name publish-demo
28 silly mapToRegistry using default registry
29 silly mapToRegistry registry https://registry.npmjs.org/
30 silly mapToRegistry data Result {
30 silly mapToRegistry   raw: 'publish-demo',
30 silly mapToRegistry   scope: null,
30 silly mapToRegistry   escapedName: 'publish-demo',
30 silly mapToRegistry   name: 'publish-demo',
30 silly mapToRegistry   rawSpec: '',
30 silly mapToRegistry   spec: 'latest',
30 silly mapToRegistry   type: 'tag' }
31 silly mapToRegistry uri https://registry.npmjs.org/publish-demo
32 verbose publish registryBase https://registry.npmjs.org/
33 silly publish uploading C:\Users\hitesh.aleriya\AppData\Roaming\npm-cache\publish-demo\1.0.0\package.tgz
34 verbose request uri https://registry.npmjs.org/publish-demo
35 verbose request sending authorization for write operation
36 info attempt registry request try #1 at 5:36:04 PM
37 verbose request using bearer token for auth
38 verbose request id 4a4c2e1b28dd084c
39 http request PUT https://registry.npmjs.org/publish-demo
40 http 403 https://registry.npmjs.org/publish-demo
41 verbose headers { 'content-type': 'application/json',
41 verbose headers   'cache-control': 'max-age=300',
41 verbose headers   'content-length': '106',
41 verbose headers   'accept-ranges': 'bytes',
41 verbose headers   date: 'Wed, 26 Jul 2017 12:06:05 GMT',
41 verbose headers   via: '1.1 varnish',
41 verbose headers   connection: 'keep-alive',
41 verbose headers   'x-served-by': 'cache-sin18035-SIN',
41 verbose headers   'x-cache': 'MISS',
41 verbose headers   'x-cache-hits': '0',
41 verbose headers   'x-timer': 'S1501070765.271824,VS0,VE220',
41 verbose headers   vary: 'Accept-Encoding, Accept' }
42 verbose request invalidating C:\Users\hitesh.aleriya\AppData\Roaming\npm-cache\registry.npmjs.org\publish-demo on PUT
43 error publish Failed PUT 403
44 verbose stack Error: you do not have permission to publish "publish-demo". Are you logged in as the correct user? : publish-demo
44 verbose stack     at makeError (C:\Users\hitesh.aleriya\AppData\Roaming\npm\node_modules\npm\node_modules\npm-registry-client\lib\request.js:302:12)
44 verbose stack     at CachingRegistryClient.<anonymous> (C:\Users\hitesh.aleriya\AppData\Roaming\npm\node_modules\npm\node_modules\npm-registry-client\lib\request.js:290:14)
44 verbose stack     at Request._callback (C:\Users\hitesh.aleriya\AppData\Roaming\npm\node_modules\npm\node_modules\npm-registry-client\lib\request.js:210:14)
44 verbose stack     at Request.self.callback (C:\Users\hitesh.aleriya\AppData\Roaming\npm\node_modules\npm\node_modules\request\request.js:186:22)
44 verbose stack     at emitTwo (events.js:106:13)
44 verbose stack     at Request.emit (events.js:191:7)
44 verbose stack     at Request.<anonymous> (C:\Users\hitesh.aleriya\AppData\Roaming\npm\node_modules\npm\node_modules\request\request.js:1081:10)
44 verbose stack     at emitOne (events.js:96:13)
44 verbose stack     at Request.emit (events.js:188:7)
44 verbose stack     at IncomingMessage.<anonymous> (C:\Users\hitesh.aleriya\AppData\Roaming\npm\node_modules\npm\node_modules\request\request.js:1001:12)
45 verbose statusCode 403
46 verbose pkgid publish-demo
47 verbose cwd C:\Users\hitesh.aleriya\Desktop\publish-demo
48 error Windows_NT 6.3.9600
49 error argv "C:\\Program Files (x86)\\nodejs\\node.exe" "C:\\Users\\hitesh.aleriya\\AppData\\Roaming\\npm\\node_modules\\npm\\bin\\npm-cli.js" "publish" "./"
50 error node v6.10.3
51 error npm  v4.0.3
52 error code E403
53 error you do not have permission to publish "publish-demo". Are you logged in as the correct user? : publish-demo
54 error If you need help, you may report this error at:
54 error     <https://github.com/npm/npm/issues>
55 verbose exit [ 1, true ]
